<?xml version="1.0" encoding="UTF-8"?>
<testsuite xmlns:xsi="http://www.w3.org/2001/XMLSchema-instance" xsi:noNamespaceSchemaLocation="https://maven.apache.org/surefire/maven-surefire-plugin/xsd/surefire-test-report.xsd" name="bguspl.set.ex.TableTest" time="0.009" tests="7" errors="0" skipped="0" failures="0">
  <properties>
    <property name="sun.desktop" value="gnome"/>
    <property name="awt.toolkit" value="sun.awt.X11.XToolkit"/>
    <property name="file.encoding.pkg" value="sun.io"/>
    <property name="java.specification.version" value="1.8"/>
    <property name="sun.cpu.isalist" value=""/>
    <property name="sun.jnu.encoding" value="UTF-8"/>
    <property name="java.class.path" value="/home/users/bsc/2023/magednat/Desktop/Set_Card_Game (Latest,latest)(2)/Set_Card_Game (Latest,latest)/target/test-classes:/home/users/bsc/2023/magednat/Desktop/Set_Card_Game (Latest,latest)(2)/Set_Card_Game (Latest,latest)/target/classes:/home/users/bsc/2023/magednat/.m2/repository/org/junit/jupiter/junit-jupiter-engine/5.9.1/junit-jupiter-engine-5.9.1.jar:/home/users/bsc/2023/magednat/.m2/repository/org/junit/platform/junit-platform-engine/1.9.1/junit-platform-engine-1.9.1.jar:/home/users/bsc/2023/magednat/.m2/repository/org/opentest4j/opentest4j/1.2.0/opentest4j-1.2.0.jar:/home/users/bsc/2023/magednat/.m2/repository/org/junit/platform/junit-platform-commons/1.9.1/junit-platform-commons-1.9.1.jar:/home/users/bsc/2023/magednat/.m2/repository/org/junit/jupiter/junit-jupiter-api/5.9.1/junit-jupiter-api-5.9.1.jar:/home/users/bsc/2023/magednat/.m2/repository/org/apiguardian/apiguardian-api/1.1.2/apiguardian-api-1.1.2.jar:/home/users/bsc/2023/magednat/.m2/repository/org/mockito/mockito-core/4.9.0/mockito-core-4.9.0.jar:/home/users/bsc/2023/magednat/.m2/repository/net/bytebuddy/byte-buddy/1.12.16/byte-buddy-1.12.16.jar:/home/users/bsc/2023/magednat/.m2/repository/net/bytebuddy/byte-buddy-agent/1.12.16/byte-buddy-agent-1.12.16.jar:/home/users/bsc/2023/magednat/.m2/repository/org/objenesis/objenesis/3.3/objenesis-3.3.jar:/home/users/bsc/2023/magednat/.m2/repository/org/mockito/mockito-junit-jupiter/4.9.0/mockito-junit-jupiter-4.9.0.jar:"/>
    <property name="java.vm.vendor" value="Oracle Corporation"/>
    <property name="sun.arch.data.model" value="64"/>
    <property name="java.vendor.url" value="http://java.oracle.com/"/>
    <property name="user.timezone" value=""/>
    <property name="java.vm.specification.version" value="1.8"/>
    <property name="os.name" value="Linux"/>
    <property name="user.country" value="GB"/>
    <property name="sun.java.launcher" value="SUN_STANDARD"/>
    <property name="sun.boot.library.path" value="/usr/local/Java/jdk1.8.0_181/jre/lib/amd64"/>
    <property name="sun.java.command" value="/home/users/bsc/2023/magednat/Desktop/Set_Card_Game (Latest,latest)(2)/Set_Card_Game (Latest,latest)/target/surefire/surefirebooter1580340029703818949.jar /home/users/bsc/2023/magednat/Desktop/Set_Card_Game (Latest,latest)(2)/Set_Card_Game (Latest,latest)/target/surefire 2022-12-22T20-12-06_643-jvmRun1 surefire3388516014940918356tmp surefire_07512614352401036511tmp"/>
    <property name="surefire.test.class.path" value="/home/users/bsc/2023/magednat/Desktop/Set_Card_Game (Latest,latest)(2)/Set_Card_Game (Latest,latest)/target/test-classes:/home/users/bsc/2023/magednat/Desktop/Set_Card_Game (Latest,latest)(2)/Set_Card_Game (Latest,latest)/target/classes:/home/users/bsc/2023/magednat/.m2/repository/org/junit/jupiter/junit-jupiter-engine/5.9.1/junit-jupiter-engine-5.9.1.jar:/home/users/bsc/2023/magednat/.m2/repository/org/junit/platform/junit-platform-engine/1.9.1/junit-platform-engine-1.9.1.jar:/home/users/bsc/2023/magednat/.m2/repository/org/opentest4j/opentest4j/1.2.0/opentest4j-1.2.0.jar:/home/users/bsc/2023/magednat/.m2/repository/org/junit/platform/junit-platform-commons/1.9.1/junit-platform-commons-1.9.1.jar:/home/users/bsc/2023/magednat/.m2/repository/org/junit/jupiter/junit-jupiter-api/5.9.1/junit-jupiter-api-5.9.1.jar:/home/users/bsc/2023/magednat/.m2/repository/org/apiguardian/apiguardian-api/1.1.2/apiguardian-api-1.1.2.jar:/home/users/bsc/2023/magednat/.m2/repository/org/mockito/mockito-core/4.9.0/mockito-core-4.9.0.jar:/home/users/bsc/2023/magednat/.m2/repository/net/bytebuddy/byte-buddy/1.12.16/byte-buddy-1.12.16.jar:/home/users/bsc/2023/magednat/.m2/repository/net/bytebuddy/byte-buddy-agent/1.12.16/byte-buddy-agent-1.12.16.jar:/home/users/bsc/2023/magednat/.m2/repository/org/objenesis/objenesis/3.3/objenesis-3.3.jar:/home/users/bsc/2023/magednat/.m2/repository/org/mockito/mockito-junit-jupiter/4.9.0/mockito-junit-jupiter-4.9.0.jar:"/>
    <property name="sun.cpu.endian" value="little"/>
    <property name="user.home" value="/home/users/bsc/2023/magednat"/>
    <property name="user.language" value="en"/>
    <property name="java.specification.vendor" value="Oracle Corporation"/>
    <property name="java.home" value="/usr/local/Java/jdk1.8.0_181/jre"/>
    <property name="basedir" value="/home/users/bsc/2023/magednat/Desktop/Set_Card_Game (Latest,latest)(2)/Set_Card_Game (Latest,latest)"/>
    <property name="file.separator" value="/"/>
    <property name="line.separator" value="&#10;"/>
    <property name="java.vm.specification.vendor" value="Oracle Corporation"/>
    <property name="java.specification.name" value="Java Platform API Specification"/>
    <property name="java.awt.graphicsenv" value="sun.awt.X11GraphicsEnvironment"/>
    <property name="surefire.real.class.path" value="/home/users/bsc/2023/magednat/Desktop/Set_Card_Game (Latest,latest)(2)/Set_Card_Game (Latest,latest)/target/surefire/surefirebooter1580340029703818949.jar"/>
    <property name="sun.boot.class.path" value="/usr/local/Java/jdk1.8.0_181/jre/lib/resources.jar:/usr/local/Java/jdk1.8.0_181/jre/lib/rt.jar:/usr/local/Java/jdk1.8.0_181/jre/lib/sunrsasign.jar:/usr/local/Java/jdk1.8.0_181/jre/lib/jsse.jar:/usr/local/Java/jdk1.8.0_181/jre/lib/jce.jar:/usr/local/Java/jdk1.8.0_181/jre/lib/charsets.jar:/usr/local/Java/jdk1.8.0_181/jre/lib/jfr.jar:/usr/local/Java/jdk1.8.0_181/jre/classes"/>
    <property name="sun.management.compiler" value="HotSpot 64-Bit Tiered Compilers"/>
    <property name="java.runtime.version" value="1.8.0_181-b13"/>
    <property name="user.name" value="magednat@wincs.cs.bgu.ac.il"/>
    <property name="path.separator" value=":"/>
    <property name="os.version" value="5.4.0-135-generic"/>
    <property name="java.endorsed.dirs" value="/usr/local/Java/jdk1.8.0_181/jre/lib/endorsed"/>
    <property name="java.runtime.name" value="Java(TM) SE Runtime Environment"/>
    <property name="file.encoding" value="UTF-8"/>
    <property name="java.vm.name" value="Java HotSpot(TM) 64-Bit Server VM"/>
    <property name="localRepository" value="/home/users/bsc/2023/magednat/.m2/repository"/>
    <property name="java.vendor.url.bug" value="http://bugreport.sun.com/bugreport/"/>
    <property name="java.io.tmpdir" value="/tmp"/>
    <property name="java.version" value="1.8.0_181"/>
    <property name="user.dir" value="/home/users/bsc/2023/magednat/Desktop/Set_Card_Game (Latest,latest)(2)/Set_Card_Game (Latest,latest)"/>
    <property name="os.arch" value="amd64"/>
    <property name="java.vm.specification.name" value="Java Virtual Machine Specification"/>
    <property name="java.awt.printerjob" value="sun.print.PSPrinterJob"/>
    <property name="sun.os.patch.level" value="unknown"/>
    <property name="java.library.path" value="/usr/lib:/usr/X11R6/lib:/usr/share/lib:/usr/openwin/lib:/usr/local/lib/X11:/usr/dt/lib/:/usr/local/lib:/usr/ucb/lib:/usr/java/packages/lib/amd64:/usr/lib64:/lib64:/lib:/usr/lib"/>
    <property name="java.vm.info" value="mixed mode"/>
    <property name="java.vendor" value="Oracle Corporation"/>
    <property name="java.vm.version" value="25.181-b13"/>
    <property name="java.ext.dirs" value="/usr/local/Java/jdk1.8.0_181/jre/lib/ext:/usr/java/packages/lib/ext"/>
    <property name="sun.io.unicode.encoding" value="UnicodeLittle"/>
    <property name="java.class.version" value="52.0"/>
  </properties>
  <testcase name="removeCard_illegal" classname="bguspl.set.ex.TableTest" time="0"/>
  <testcase name="countCards_AllSlotsAreFilled" classname="bguspl.set.ex.TableTest" time="0"/>
  <testcase name="placeCard_AllSlotsAreFilled" classname="bguspl.set.ex.TableTest" time="0"/>
  <testcase name="countCards_NoSlotsAreFilled" classname="bguspl.set.ex.TableTest" time="0"/>
  <testcase name="countCards_SomeSlotsAreFilled" classname="bguspl.set.ex.TableTest" time="0.001"/>
  <testcase name="placeCard_SomeSlotsAreFilled" classname="bguspl.set.ex.TableTest" time="0.001"/>
  <testcase name="removeCard_legal" classname="bguspl.set.ex.TableTest" time="0.003"/>
</testsuite>